Log file open, 04/01/19 13:29:41
LogWindows: Failed to load 'aqProf.dll' (GetLastError=126)
LogWindows: File 'aqProf.dll' does not exist
LogWindows: Failed to load 'VSPerf140.dll' (GetLastError=126)
LogWindows: File 'VSPerf140.dll' does not exist
LogWindows: Failed to load 'VtuneApi.dll' (GetLastError=126)
LogWindows: File 'VtuneApi.dll' does not exist
LogWindows: Failed to load 'VtuneApi32e.dll' (GetLastError=126)
LogWindows: File 'VtuneApi32e.dll' does not exist
LogInit: Display: Running engine for game: MyProject4
LogPlatformFile: Not using cached read wrapper
LogTaskGraph: Started task graph with 5 named threads and 23 total threads with 3 sets of task threads.
LogStats: Stats thread started at 0.305438
LogD3D11RHI: Loaded GFSDK_Aftermath_Lib.x64.dll
LogICUInternationalization: Display: ICU TimeZone Detection - Raw Offset: -6:00, Platform Override: ''
LogPluginManager: Mounting plugin Paper2D
LogPluginManager: Mounting plugin AISupport
LogPluginManager: Mounting plugin LightPropagationVolume
LogPluginManager: Mounting plugin CLionSourceCodeAccess
LogPluginManager: Mounting plugin CodeLiteSourceCodeAccess
LogPluginManager: Mounting plugin GitSourceControl
LogPluginManager: Mounting plugin KDevelopSourceCodeAccess
LogPluginManager: Mounting plugin NullSourceCodeAccess
LogPluginManager: Mounting plugin PerforceSourceControl
LogPluginManager: Mounting plugin SubversionSourceControl
LogPluginManager: Mounting plugin UObjectPlugin
LogPluginManager: Mounting plugin VisualStudioCodeSourceCodeAccess
LogPluginManager: Mounting plugin VisualStudioSourceCodeAccess
LogPluginManager: Mounting plugin XCodeSourceCodeAccess
LogPluginManager: Mounting plugin AssetManagerEditor
LogPluginManager: Mounting plugin CryptoKeys
LogPluginManager: Mounting plugin DataValidation
LogPluginManager: Mounting plugin FacialAnimation
LogPluginManager: Mounting plugin GameplayTagsEditor
LogPluginManager: Mounting plugin MacGraphicsSwitching
LogPluginManager: Mounting plugin MeshEditor
LogPluginManager: Mounting plugin MobileLauncherProfileWizard
LogPluginManager: Mounting plugin PluginBrowser
LogPluginManager: Mounting plugin SpeedTreeImporter
LogPluginManager: Mounting plugin DatasmithContent
LogPluginManager: Mounting plugin AlembicImporter
LogPluginManager: Mounting plugin AppleImageUtils
LogPluginManager: Mounting plugin AppleVision
LogPluginManager: Mounting plugin BackChannel
LogPluginManager: Mounting plugin CharacterAI
LogPluginManager: Mounting plugin GeometryCache
LogPluginManager: Mounting plugin HTML5Networking
LogPluginManager: Mounting plugin ProxyLODPlugin
LogPluginManager: Mounting plugin MagicLeap
LogPluginManager: Mounting plugin MagicLeapEmulator
LogPluginManager: Mounting plugin MagicLeapMedia
LogPluginManager: Mounting plugin AndroidMedia
LogPluginManager: Mounting plugin AvfMedia
LogPluginManager: Mounting plugin ImgMedia
LogPluginManager: Mounting plugin LinearTimecode
LogPluginManager: Mounting plugin MediaCompositing
LogPluginManager: Mounting plugin MediaPlayerEditor
LogPluginManager: Mounting plugin WmfMedia
LogPluginManager: Mounting plugin TcpMessaging
LogPluginManager: Mounting plugin UdpMessaging
LogPluginManager: Mounting plugin ActorSequence
LogPluginManager: Mounting plugin LevelSequenceEditor
LogPluginManager: Mounting plugin MatineeToLevelSequence
LogPluginManager: Mounting plugin NetcodeUnitTest
LogPluginManager: Mounting plugin NUTUnrealEngine4
LogPluginManager: Mounting plugin OnlineSubsystemGooglePlay
LogPluginManager: Mounting plugin OnlineSubsystemIOS
LogPluginManager: Mounting plugin OnlineSubsystem
LogPluginManager: Mounting plugin OnlineSubsystemNull
LogPluginManager: Mounting plugin OnlineSubsystemUtils
LogPluginManager: Mounting plugin LauncherChunkInstaller
LogPluginManager: Mounting plugin AndroidDeviceProfileSelector
LogPluginManager: Mounting plugin AndroidMoviePlayer
LogPluginManager: Mounting plugin AndroidPermission
LogPluginManager: Mounting plugin AppleMoviePlayer
LogPluginManager: Mounting plugin ArchVisCharacter
LogPluginManager: Mounting plugin AudioCapture
LogPluginManager: Mounting plugin CableComponent
LogPluginManager: Mounting plugin CustomMeshComponent
LogPluginManager: Mounting plugin EditableMesh
LogPluginManager: Mounting plugin ExampleDeviceProfileSelector
LogPluginManager: Mounting plugin GoogleCloudMessaging
LogPluginManager: Mounting plugin ImmediatePhysics
LogPluginManager: Mounting plugin IOSDeviceProfileSelector
LogPluginManager: Mounting plugin LinuxDeviceProfileSelector
LogPluginManager: Mounting plugin LocationServicesBPLibrary
LogPluginManager: Mounting plugin MobilePatchingUtils
LogPluginManager: Mounting plugin OculusVR
LogPluginManager: Plugin shader directory ../../../Engine/Plugins/Runtime/Oculus/OculusVR/Shaders found
LogPluginManager: Mapping shader source directory ../../../Engine/Plugins/Runtime/Oculus/OculusVR/Shaders to virtual directory /Plugin/OculusVR
LogPluginManager: Mounting plugin PhysXVehicles
LogPluginManager: Mounting plugin ProceduralMeshComponent
LogPluginManager: Mounting plugin RuntimePhysXCooking
LogPluginManager: Mounting plugin SteamVR
LogPluginManager: Mounting plugin WindowsMoviePlayer
LogStreaming: Display: Took  0.507s to configure plugins.
LogInit: Using libcurl 7.55.1-DEV
LogInit:  - built for x86_64-pc-win32
LogInit:  - supports SSL with OpenSSL/1.0.2h
LogInit:  - supports HTTP deflate (compression) using libz 1.2.8
LogInit:  - other features:
LogInit:      CURL_VERSION_SSL
LogInit:      CURL_VERSION_LIBZ
LogInit:      CURL_VERSION_IPV6
LogInit:      CURL_VERSION_ASYNCHDNS
LogInit:      CURL_VERSION_LARGEFILE
LogInit:      CURL_VERSION_IDN
LogInit:  CurlRequestOptions (configurable via config and command line):
LogInit:  - bVerifyPeer = false  - Libcurl will NOT verify peer certificate
LogInit:  - bUseHttpProxy = false  - Libcurl will NOT use HTTP proxy
LogInit:  - bDontReuseConnections = false  - Libcurl will reuse connections
LogInit:  - CertBundlePath = nullptr  - Libcurl will use whatever was configured at build time.
LogInit:  - MaxHostConnections = 16  - Libcurl will limit the number of connections to a host
LogInit:  - LocalHostAddr = Default
LogInit:  - BufferSize = 65536
LogInit: WinSock: version 1.1 (2.2), MaxSocks=32767, MaxUdp=65467
LogHMD: Failed initializing OVRPlugin 1.25.0
LogInit: Build: ++UE4+Release-4.20-CL-4369336
LogInit: Engine Version: 4.20.3-4369336+++UE4+Release-4.20
LogInit: Compatible Engine Version: 4.20.0-4212847+++UE4+Release-4.20
LogInit: Net CL: 4212847
LogInit: OS: Windows 10 (), CPU: Intel(R) Core(TM) i7-7700HQ CPU @ 2.80GHz, GPU: Intel(R) HD Graphics 630
LogInit: Compiled (64-bit): Sep 17 2018 12:26:19
LogInit: Compiled with Visual C++: 19.13.26129.00
LogInit: Build Configuration: Development
LogInit: Branch Name: ++UE4+Release-4.20
LogInit: Command Line: -EpicPortal  -epicusername="ToxTempo" -epicuserid=0902899747464a5daa2fc335d959dd60 -epiclocale=en-US
LogInit: Base Directory: D:/New folder/UE_4.20/Engine/Binaries/Win64/
LogInit: Installed Engine Build: 1
LogDevObjectVersion: Number of dev versions registered: 20
LogDevObjectVersion:   Dev-Blueprints (B0D832E4-1F89-4F0D-ACCF-7EB736FD4AA2): 10
LogDevObjectVersion:   Dev-Build (E1C64328-A22C-4D53-A36C-8E866417BD8C): 0
LogDevObjectVersion:   Dev-Core (375EC13C-06E4-48FB-B500-84F0262A717E): 2
LogDevObjectVersion:   Dev-Editor (E4B068ED-F494-42E9-A231-DA0B2E46BB41): 24
LogDevObjectVersion:   Dev-Framework (CFFC743F-43B0-4480-9391-14DF171D2073): 34
LogDevObjectVersion:   Dev-Mobile (B02B49B5-BB20-44E9-A304-32B752E40360): 2
LogDevObjectVersion:   Dev-Networking (A4E4105C-59A1-49B5-A7C5-40C4547EDFEE): 0
LogDevObjectVersion:   Dev-Online (39C831C9-5AE6-47DC-9A44-9C173E1C8E7C): 0
LogDevObjectVersion:   Dev-Physics (78F01B33-EBEA-4F98-B9B4-84EACCB95AA2): 0
LogDevObjectVersion:   Dev-Platform (6631380F-2D4D-43E0-8009-CF276956A95A): 0
LogDevObjectVersion:   Dev-Rendering (12F88B9F-8875-4AFC-A67C-D90C383ABD29): 26
LogDevObjectVersion:   Dev-Sequencer (7B5AE74C-D270-4C10-A958-57980B212A5A): 9
LogDevObjectVersion:   Dev-VR (D7296918-1DD6-4BDD-9DE2-64A83CC13884): 2
LogDevObjectVersion:   Dev-LoadTimes (C2A15278-BFE7-4AFE-6C17-90FF531DF755): 1
LogDevObjectVersion:   Private-Geometry (6EACA3D4-40EC-4CC1-B786-8BED09428FC5): 3
LogDevObjectVersion:   Dev-AnimPhys (29E575DD-E0A3-4627-9D10-D276232CDCEA): 17
LogDevObjectVersion:   Dev-ReflectionCapture (6B266CEC-1EC7-4B8F-A30B-E4D90942FC07): 1
LogDevObjectVersion:   Dev-Automation (0DF73D61-A23F-47EA-B727-89E90C41499A): 1
LogDevObjectVersion:   FortniteMain (601D1886-AC64-4F84-AA16-D3DE0DEAC7D6): 12
LogDevObjectVersion:   Dev-Enterprise (9DFFBCD6-494F-0158-E221-12823C92A888): 1
LogStreaming: Display: Took  0.001s to delete old logs.
LogInit: Presizing for max 8388607 objects, including 0 objects not considered by GC, pre-allocating 0 bytes for permanent pool.
LogInit: Object subsystem initialized
[2019.04.01-18.29.42:759][  0]LogInit: Selected Device Profile: [Windows]
[2019.04.01-18.29.42:759][  0]LogInit: Applying CVar settings loaded from the selected device profile: [Windows]
[2019.04.01-18.29.42:775][  0]LogHAL: Display: Platform has ~ 8 GB [8425476096 / 8589934592 / 8], which maps to Default [LargestMinGB=32, LargerMinGB=12, DefaultMinGB=8, SmallerMinGB=6, SmallestMinGB=0)
[2019.04.01-18.29.42:775][  0]LogInit: Setting Device Profile CVar: [[r.Vulkan.UseRealUBs:1]]
[2019.04.01-18.29.42:776][  0]LogInit: Going up to parent DeviceProfile []
[2019.04.01-18.29.42:776][  0]LogInit: Computer: LAPTOP-LP4NIPIS
[2019.04.01-18.29.42:776][  0]LogInit: User: JR
[2019.04.01-18.29.42:776][  0]LogInit: CPU Page size=4096, Cores=4
[2019.04.01-18.29.42:776][  0]LogInit: High frequency timer resolution =2.742189 MHz
[2019.04.01-18.29.42:777][  0]LogMemory: Memory total: Physical=7.8GB (8GB approx)
[2019.04.01-18.29.42:777][  0]LogMemory: Platform Memory Stats for Windows
[2019.04.01-18.29.42:777][  0]LogMemory: Process Physical Memory: 101.95 MB used, 101.95 MB peak
[2019.04.01-18.29.42:777][  0]LogMemory: Process Virtual Memory: 94.26 MB used, 94.26 MB peak
[2019.04.01-18.29.42:777][  0]LogMemory: Physical Memory: 6279.43 MB used,  1755.73 MB free, 8035.16 MB total
[2019.04.01-18.29.42:777][  0]LogMemory: Virtual Memory: 4655.31 MB used,  1755.73 MB free, 134217728.00 MB total
[2019.04.01-18.29.42:798][  0]LogInit: Using OS detected language (en-US).
[2019.04.01-18.29.42:798][  0]LogInit: Using OS detected locale (en-US).
[2019.04.01-18.29.42:799][  0]LogTextLocalizationManager: No specific localization for 'en-US' exists, so the 'en' localization will be used.
[2019.04.01-18.29.43:193][  0]LogStreaming: Display: Took  0.394s to InitEngineTextLocalization.
[2019.04.01-18.29.43:193][  0]LogInit: Setting process to per monitor DPI aware
[2019.04.01-18.29.43:219][  0]LogSlate: New Slate User Created.  User Index 0, Is Virtual User: 0
[2019.04.01-18.29.43:219][  0]LogSlate: Slate User Registered.  User Index 0, Is Virtual User: 0
[2019.04.01-18.29.43:459][  0]LogHMD: Failed to initialize OpenVR with code 126
[2019.04.01-18.29.43:459][  0]LogD3D11RHI: D3D11 adapters:
[2019.04.01-18.29.43:519][  0]LogD3D11RHI:    0. 'NVIDIA GeForce GTX 1060' (Feature Level 11_0)
[2019.04.01-18.29.43:519][  0]LogD3D11RHI:       6061/0/4017 MB DedicatedVideo/DedicatedSystem/SharedSystem, Outputs:1, VendorId:0x10de
[2019.04.01-18.29.43:537][  0]LogD3D11RHI:    1. 'Intel(R) HD Graphics 630' (Feature Level 11_0)
[2019.04.01-18.29.43:537][  0]LogD3D11RHI:       128/0/4017 MB DedicatedVideo/DedicatedSystem/SharedSystem, Outputs:0, VendorId:0x8086
[2019.04.01-18.29.43:539][  0]LogD3D11RHI:    2. 'Microsoft Basic Render Driver' (Feature Level 11_0)
[2019.04.01-18.29.43:540][  0]LogD3D11RHI:       0/0/4017 MB DedicatedVideo/DedicatedSystem/SharedSystem, Outputs:0, VendorId:0x1414
[2019.04.01-18.29.43:540][  0]LogD3D11RHI: Chosen D3D11 Adapter: 0
[2019.04.01-18.29.43:579][  0]LogD3D11RHI: Creating new Direct3DDevice
[2019.04.01-18.29.43:579][  0]LogD3D11RHI:     GPU DeviceId: 0x1c20 (for the marketing name, search the web for "GPU Device Id")
[2019.04.01-18.29.43:579][  0]LogWindows: EnumDisplayDevices:
[2019.04.01-18.29.43:579][  0]LogWindows:    0. 'Intel(R) HD Graphics 630' (P:1 D:1)
[2019.04.01-18.29.43:579][  0]LogWindows:    1. 'Intel(R) HD Graphics 630' (P:0 D:0)
[2019.04.01-18.29.43:580][  0]LogWindows:    2. 'Intel(R) HD Graphics 630' (P:0 D:0)
[2019.04.01-18.29.43:580][  0]LogWindows:    3. 'NVIDIA GeForce GTX 1060' (P:0 D:0)
[2019.04.01-18.29.43:580][  0]LogWindows:    4. 'NVIDIA GeForce GTX 1060' (P:0 D:0)
[2019.04.01-18.29.43:581][  0]LogWindows:    5. 'NVIDIA GeForce GTX 1060' (P:0 D:0)
[2019.04.01-18.29.43:581][  0]LogWindows:    6. 'NVIDIA GeForce GTX 1060' (P:0 D:0)
[2019.04.01-18.29.43:581][  0]LogWindows: DebugString: PrimaryIsNotTheChoosenAdapter PrimaryIsNotTheChoosenAdapter PrimaryIsNotTheChoosenAdapter FoundDriverCount:4 
[2019.04.01-18.29.43:581][  0]LogD3D11RHI:     Adapter Name: NVIDIA GeForce GTX 1060
[2019.04.01-18.29.43:581][  0]LogD3D11RHI:   Driver Version: 388.31 (internal:23.21.13.8831, unified:388.31)
[2019.04.01-18.29.43:581][  0]LogD3D11RHI:      Driver Date: 11-14-2017
[2019.04.01-18.29.43:581][  0]LogRHI: Texture pool is 4242 MB (70% of 6061 MB)
[2019.04.01-18.29.43:615][  0]LogD3D11RHI: Async texture creation enabled
[2019.04.01-18.29.43:631][  0]LogD3D11RHI: GPU Timing Frequency: 1000.000000 (Debug: 2 1)
[2019.04.01-18.29.43:648][  0]LogWindowsTextInputMethodSystem: Display: IME system now deactivated.
[2019.04.01-18.30.05:168][  0]LogWindowsTextInputMethodSystem: Display: IME system now deactivated.
[2019.04.01-18.30.05:170][  0]LogShaderCompilers: Guid format shader working directory is 1 characters bigger than the processId version (../../../../../Unreal Projects/MyProject4/Intermediate/Shaders/WorkingDirectory/52208/).
[2019.04.01-18.30.05:170][  0]LogShaderCompilers: Cleaned the shader compiler working directory 'C:/Users/JR/AppData/Local/Temp/UnrealShaderWorkingDir/24CDC0D34E52DAF769641CAF0C3C0800/'.
[2019.04.01-18.30.05:511][  0]LogTemp: Display: Loaded TP AllDesktopTargetPlatform
[2019.04.01-18.30.05:524][  0]LogTemp: Display: Loaded TP MacClientTargetPlatform
[2019.04.01-18.30.05:537][  0]LogTemp: Display: Loaded TP MacNoEditorTargetPlatform
[2019.04.01-18.30.05:550][  0]LogTemp: Display: Loaded TP MacServerTargetPlatform
[2019.04.01-18.30.05:564][  0]LogTemp: Display: Loaded TP MacTargetPlatform
[2019.04.01-18.30.05:576][  0]LogTemp: Display: Loaded TP WindowsClientTargetPlatform
[2019.04.01-18.30.05:590][  0]LogTemp: Display: Loaded TP WindowsNoEditorTargetPlatform
[2019.04.01-18.30.05:605][  0]LogTemp: Display: Loaded TP WindowsServerTargetPlatform
[2019.04.01-18.30.05:611][  0]LogTemp: Display: Loaded TP WindowsTargetPlatform
[2019.04.01-18.30.05:690][  0]LogTemp: Display: Loaded TP AndroidTargetPlatform
[2019.04.01-18.30.05:690][  0]LogTemp: Display: Loaded TP AndroidTargetPlatform
[2019.04.01-18.30.05:690][  0]LogTemp: Display: Loaded TP AndroidTargetPlatform
[2019.04.01-18.30.05:690][  0]LogTemp: Display: Loaded TP AndroidTargetPlatform
[2019.04.01-18.30.05:690][  0]LogTemp: Display: Loaded TP AndroidTargetPlatform
[2019.04.01-18.30.05:690][  0]LogTemp: Display: Loaded TP AndroidTargetPlatform
[2019.04.01-18.30.05:690][  0]LogTemp: Display: Loaded TP AndroidTargetPlatform
[2019.04.01-18.30.05:690][  0]LogTemp: Display: Loaded TP AndroidTargetPlatform
[2019.04.01-18.30.05:690][  0]LogTemp: Display: Loaded TP AndroidTargetPlatform
[2019.04.01-18.30.05:690][  0]LogTemp: Display: Loaded TP AndroidTargetPlatform
[2019.04.01-18.30.05:690][  0]LogTemp: Display: Loaded TP AndroidTargetPlatform
[2019.04.01-18.30.05:690][  0]LogTemp: Display: Loaded TP AndroidTargetPlatform
[2019.04.01-18.30.05:690][  0]LogTemp: Display: Loaded TP AndroidTargetPlatform
[2019.04.01-18.30.05:690][  0]LogTemp: Display: Loaded TP AndroidTargetPlatform
[2019.04.01-18.30.05:690][  0]LogTemp: Display: Loaded TP AndroidTargetPlatform
[2019.04.01-18.30.05:690][  0]LogTemp: Display: Loaded TP AndroidTargetPlatform
[2019.04.01-18.30.05:690][  0]LogTemp: Display: Loaded TP AndroidTargetPlatform
[2019.04.01-18.30.05:690][  0]LogTemp: Display: Loaded TP AndroidTargetPlatform
[2019.04.01-18.30.05:692][  0]LogTemp: Display: Loaded TP HTML5TargetPlatform
[2019.04.01-18.30.05:753][  0]LogTemp: Display: Loaded TP IOSTargetPlatform
[2019.04.01-18.30.05:753][  0]LogTemp: Display: Loaded TP IOSTargetPlatform
[2019.04.01-18.30.05:777][  0]LogTemp: Display: Loaded TP TVOSTargetPlatform
[2019.04.01-18.30.05:778][  0]LogTemp: Display: Loaded TP TVOSTargetPlatform
[2019.04.01-18.30.05:790][  0]LogTemp: Display: Loaded TP LinuxClientTargetPlatform
[2019.04.01-18.30.05:802][  0]LogTemp: Display: Loaded TP LinuxNoEditorTargetPlatform
[2019.04.01-18.30.05:816][  0]LogTemp: Display: Loaded TP LinuxServerTargetPlatform
[2019.04.01-18.30.05:829][  0]LogTemp: Display: Loaded TP LinuxTargetPlatform
[2019.04.01-18.30.05:838][  0]LogTemp: Display: Loaded TP LuminTargetPlatform
[2019.04.01-18.30.05:838][  0]LogTargetPlatformManager: Display: Building Assets For Windows
[2019.04.01-18.30.05:895][  0]LogXGEController: Cannot use XGE Controller as Incredibuild is not installed on this machine.
[2019.04.01-18.30.05:895][  0]LogShaderCompilers: Cannot use XGE Shader Compiler as Incredibuild is not installed on this machine.
[2019.04.01-18.30.05:895][  0]LogShaderCompilers: Display: Using Local Shader Compiler.
[2019.04.01-18.30.06:661][  0]LogDerivedDataCache: Display: Max Cache Size: 512 MB
[2019.04.01-18.30.06:731][  0]LogDerivedDataCache: Loaded boot cache 0.07s 71MB C:/Users/JR/AppData/Local/UnrealEngine/4.20/DerivedDataCache/Boot.ddc.
[2019.04.01-18.30.06:731][  0]LogDerivedDataCache: Display: Loaded Boot cache: C:/Users/JR/AppData/Local/UnrealEngine/4.20/DerivedDataCache/Boot.ddc
[2019.04.01-18.30.06:731][  0]LogDerivedDataCache: FDerivedDataBackendGraph:  Pak pak cache file ../../../../../Unreal Projects/MyProject4/DerivedDataCache/DDC.ddp not found, will not use a pak cache.
[2019.04.01-18.30.06:731][  0]LogDerivedDataCache: Unable to find inner node Pak for hierarchical cache Hierarchy.
[2019.04.01-18.30.06:731][  0]LogDerivedDataCache: FDerivedDataBackendGraph:  CompressedPak pak cache file ../../../../../Unreal Projects/MyProject4/DerivedDataCache/Compressed.ddp not found, will not use a pak cache.
[2019.04.01-18.30.06:731][  0]LogDerivedDataCache: Unable to find inner node CompressedPak for hierarchical cache Hierarchy.
[2019.04.01-18.30.06:747][  0]LogDerivedDataCache: Display: Pak cache opened for reading ../../../Engine/DerivedDataCache/Compressed.ddp.
[2019.04.01-18.30.06:760][  0]LogDerivedDataCache: Using Local data cache path C:/Users/JR/AppData/Local/UnrealEngine/Common/DerivedDataCache: Writable
[2019.04.01-18.30.06:760][  0]LogDerivedDataCache: Shared data cache path not found in *engine.ini, will not use an Shared cache.
[2019.04.01-18.30.06:760][  0]LogDerivedDataCache: Unable to find inner node Shared for hierarchical cache Hierarchy.
[2019.04.01-18.30.06:787][  0]LogMaterial: Verifying Global Shaders for PCD3D_SM5
[2019.04.01-18.30.06:789][  0]LogSlate: Using FreeType 2.6.0
[2019.04.01-18.30.06:789][  0]LogSlate: SlateFontServices - WITH_FREETYPE: 1, WITH_HARFBUZZ: 1
[2019.04.01-18.30.06:876][  0]LogAssetRegistry: FAssetRegistry took 0.0263 seconds to start up
[2019.04.01-18.30.07:275][  0]LogInit: Selected Device Profile: [Windows]
[2019.04.01-18.30.07:340][  0]LogSimplygon: Simplygon DLL not present - disabling.
[2019.04.01-18.30.07:343][  0]LogMeshReduction: Using SimplygonSwarm for distributed automatic mesh merging
[2019.04.01-18.30.07:343][  0]LogMeshReduction: Using ProxyLODMeshReduction for automatic mesh merging
[2019.04.01-18.30.07:343][  0]LogMeshReduction: Using QuadricMeshReduction for automatic static mesh reduction
[2019.04.01-18.30.07:343][  0]LogMeshReduction: No automatic skeletal mesh reduction module available
[2019.04.01-18.30.07:446][  0]LogNetVersion: MyProject4 1.0.0, NetCL: 4212847, EngineNetVer: 5, GameNetVer: 0 (Checksum: 3245095822)
[2019.04.01-18.30.08:137][  0]LogPackageLocalizationCache: Processed 11 localized package path(s) for 2 prioritized culture(s) in 0.164767 seconds
[2019.04.01-18.30.08:145][  0]LogUObjectArray: 38425 objects as part of root set at end of initial load.
[2019.04.01-18.30.08:145][  0]LogUObjectAllocator: 6690872 out of 0 bytes used by permanent object pool.
[2019.04.01-18.30.08:145][  0]LogUObjectArray: CloseDisregardForGC: 0/0 objects in disregard for GC pool
[2019.04.01-18.30.09:166][  0]LogTcpMessaging: Initializing TcpMessaging bridge
[2019.04.01-18.30.09:182][  0]LogUdpMessaging: Initializing bridge on interface 0.0.0.0:0 to multicast group 230.0.0.1:6666.
[2019.04.01-18.30.09:355][  0]SourceControl: Source control is disabled
[2019.04.01-18.30.09:356][  0]SourceControl: Source control is disabled
[2019.04.01-18.30.09:358][  0]SourceControl: Source control is disabled
[2019.04.01-18.30.09:359][  0]SourceControl: Source control is disabled
[2019.04.01-18.30.09:542][  0]LogAndroidPermission: UAndroidPermissionCallbackProxy::GetInstance
[2019.04.01-18.30.09:721][  0]LogOcInput: OculusInput pre-init called
[2019.04.01-18.30.09:785][  0]LogEngine: Initializing Engine...
[2019.04.01-18.30.09:819][  0]LogHMD: Failed to initialize OpenVR with code 126
[2019.04.01-18.30.09:821][  0]LogStats: UGameplayTagsManager::ConstructGameplayTagTree: ImportINI prefixes -  0.000 s
[2019.04.01-18.30.09:821][  0]LogStats: UGameplayTagsManager::ConstructGameplayTagTree: Construct from data asset -  0.000 s
[2019.04.01-18.30.09:821][  0]LogStats: UGameplayTagsManager::ConstructGameplayTagTree: ImportINI -  0.000 s
[2019.04.01-18.30.09:821][  0]LogStats: UGameplayTagsManager::ConstructGameplayTagTree: GameplayTagTreeChangedEvent.Broadcast -  0.000 s
[2019.04.01-18.30.10:077][  0]LogInit: Initializing FReadOnlyCVARCache
[2019.04.01-18.30.10:097][  0]LogAIModule: Creating AISystem for world Untitled
[2019.04.01-18.30.10:218][  0]LogInit: XAudio2 using 'Speakers (Realtek High Definition Audio)' : 2 channels at 48 kHz using 32 bits per sample (channel mask 0x3)
[2019.04.01-18.30.10:243][  0]LogInit: FAudioDevice initialized.
[2019.04.01-18.30.10:243][  0]LogNetVersion: Set ProjectVersion to 1.0.0.0. Version Checksum will be recalculated on next use.
[2019.04.01-18.30.10:566][  0]LogDerivedDataCache: Saved boot cache 0.32s 71MB C:/Users/JR/AppData/Local/UnrealEngine/4.20/DerivedDataCache/Boot.ddc.
[2019.04.01-18.30.10:580][  0]LogInit: Texture streaming: Enabled
[2019.04.01-18.30.10:599][  0]LogEngineSessionManager: EngineSessionManager initialized
[2019.04.01-18.30.10:620][  0]LogInit: Transaction tracking system initialized
[2019.04.01-18.30.10:644][  0]BlueprintLog: New page: Editor Load
[2019.04.01-18.30.10:728][  0]LocalizationService: Localization service is disabled
[2019.04.01-18.30.11:012][  0]LogCook: Display: Max memory allowance for cook 16384mb min free memory 0mb
[2019.04.01-18.30.11:012][  0]LogCook: Display: Mobile HDR setting 1
[2019.04.01-18.30.11:012][  0]LogGameplayTags: Display: UGameplayTagsManager::DoneAddingNativeTags. DelegateIsBound: 0
[2019.04.01-18.30.11:012][  0]LogStats: UGameplayTagsManager::ConstructGameplayTagTree: ImportINI prefixes -  0.000 s
[2019.04.01-18.30.11:012][  0]LogStats: UGameplayTagsManager::ConstructGameplayTagTree: Construct from data asset -  0.000 s
[2019.04.01-18.30.11:012][  0]LogStats: UGameplayTagsManager::ConstructGameplayTagTree: ImportINI -  0.000 s
[2019.04.01-18.30.11:012][  0]LogStats: UGameplayTagsManager::ConstructGameplayTagTree: GameplayTagTreeChangedEvent.Broadcast -  0.000 s
[2019.04.01-18.30.11:143][  0]LogFileCache: Scanning file cache for directory 'D:/Unreal Projects/MyProject4/Content/' took 0.04s
[2019.04.01-18.30.11:144][  0]SourceControl: Source control is disabled
[2019.04.01-18.30.11:144][  0]Cmd: MAP LOAD FILE="../../../../../Unreal Projects/MyProject4/Content/FirstPersonBP/Maps/FirstPersonExampleMap.umap" TEMPLATE=0 SHOWPROGRESS=1 FEATURELEVEL=3
[2019.04.01-18.30.11:145][  0]LightingResults: New page: Lighting Build
[2019.04.01-18.30.11:148][  0]MapCheck: New page: Map Check
[2019.04.01-18.30.11:148][  0]LightingResults: New page: Lighting Build
[2019.04.01-18.30.12:454][  0]LogMaterial: Display: Missing cached shader map for material BLACK, compiling. 
[2019.04.01-18.30.12:455][  0]LogMaterial: Warning: D:\Unreal Projects\MyProject4\Content\BLACK.uasset: Failed to compile Material for platform PCD3D_SM5, Default Material will be used in game.
[2019.04.01-18.30.12:455][  0]LogMaterial: 	(Node TextureSample) TextureSample> Sampler type is Color, should be Normal for /Game/Bar_Chair_N.Bar_Chair_N
[2019.04.01-18.30.12:590][  0]LogAIModule: Creating AISystem for world FirstPersonExampleMap
[2019.04.01-18.30.12:654][  0]LogEditorServer: Finished looking for orphan Actors (0.000 secs)
[2019.04.01-18.30.12:683][  0]Cmd: MAP CHECKDEP NOCLEARLOG
[2019.04.01-18.30.12:774][  0]MapCheck: Map check complete: 0 Error(s), 0 Warning(s), took 90.359ms to complete.
[2019.04.01-18.30.12:774][  0]LogFileHelpers: Loading map 'FirstPersonExampleMap' took 1.630
[2019.04.01-18.30.12:836][  0]LogWindowsTextInputMethodSystem: Display: IME system now deactivated.
[2019.04.01-18.30.12:877][  0]LogSlate: Updating window title bar state: overlay mode, drag disabled, window buttons hidden, title bar hidden
[2019.04.01-18.30.12:887][  0]LogSlate: Updating window title bar state: overlay mode, drag disabled, window buttons hidden, title bar hidden
[2019.04.01-18.30.12:896][  0]LogSlate: Updating window title bar state: overlay mode, drag disabled, window buttons hidden, title bar hidden
[2019.04.01-18.30.12:907][  0]LogSlate: Updating window title bar state: overlay mode, drag disabled, window buttons hidden, title bar hidden
[2019.04.01-18.30.12:915][  0]LogCollectionManager: Loaded 0 collections in 0.002342 seconds
[2019.04.01-18.30.12:958][  0]LogFileCache: Scanning file cache for directory 'D:/Unreal Projects/MyProject4/Saved/Collections/' took 0.01s
[2019.04.01-18.30.12:958][  0]LogFileCache: Scanning file cache for directory 'D:/Unreal Projects/MyProject4/Content/Developers/JR/Collections/' took 0.01s
[2019.04.01-18.30.12:958][  0]LogFileCache: Scanning file cache for directory 'D:/Unreal Projects/MyProject4/Content/Collections/' took 0.01s
[2019.04.01-18.30.12:958][  0]LogCollectionManager: Rebuilt the GUID cache for 0 collections in 0.000000 seconds
[2019.04.01-18.30.12:968][  0]LogContentBrowser: Native class hierarchy populated in 0.0102 seconds. Added 2572 classes and 603 folders.
[2019.04.01-18.30.12:975][  0]LogContentBrowser: Native class hierarchy updated for 'WidgetCarousel' in 0.0002 seconds. Added 0 classes and 0 folders.
[2019.04.01-18.30.13:021][  0]LogContentBrowser: Native class hierarchy updated for 'AddContentDialog' in 0.0003 seconds. Added 0 classes and 0 folders.
[2019.04.01-18.30.13:026][  0]LogContentBrowser: Native class hierarchy updated for 'SceneOutliner' in 0.0004 seconds. Added 1 classes and 2 folders.
[2019.04.01-18.30.13:043][  0]LogSlate: Took 0.000223 seconds to synchronously load lazily loaded font '../../../Engine/Content/Slate/Fonts/Roboto-Regular.ttf' (155K)
[2019.04.01-18.30.13:046][  0]LogSlate: Took 0.000197 seconds to synchronously load lazily loaded font '../../../Engine/Content/Slate/Fonts/Roboto-Bold.ttf' (160K)
[2019.04.01-18.30.13:051][  0]LogSlate: Took 0.000206 seconds to synchronously load lazily loaded font '../../../Engine/Content/Editor/Slate/Fonts/FontAwesome.ttf' (139K)
[2019.04.01-18.30.13:149][  0]LogRenderer: Reallocating scene render targets to support 872x436 Format 10 NumSamples 1 (Frame:1).
[2019.04.01-18.30.13:262][  0]LogSlate: Took 0.000336 seconds to synchronously load lazily loaded font '../../../Engine/Content/Slate/Fonts/Roboto-Light.ttf' (167K)
[2019.04.01-18.30.13:450][  0]LogContentBrowser: Native class hierarchy updated for 'HierarchicalLODOutliner' in 0.0002 seconds. Added 0 classes and 0 folders.
[2019.04.01-18.30.13:450][  0]LogLoad: (Engine Initialization) Total time: 33.59 seconds
[2019.04.01-18.30.13:450][  0]LogLoad: (Engine Initialization) Total Blueprint compile time: 0.00 seconds
[2019.04.01-18.30.13:528][  0]LogContentStreaming: Texture pool size now 1000 MB
[2019.04.01-18.30.13:768][  3]LogAssetRegistry: Asset discovery search completed in 6.9148 seconds
[2019.04.01-18.30.13:770][  3]LogCollectionManager: Rebuilt the object cache for 0 collections in 0.000000 seconds (found 0 objects)
[2019.04.01-18.30.13:770][  3]LogCollectionManager: Fixed up redirectors for 0 collections in 0.000073 seconds (updated 0 objects)
[2019.04.01-18.30.57:781][ 71]LogEditorViewport: Clicking on Actor (LMB): CineCameraActor (CineCameraActor1)
[2019.04.01-18.30.59:508][132]Cmd: DELETE
[2019.04.01-18.30.59:508][132]Cmd: ACTOR DELETE
[2019.04.01-18.31.00:114][132]LogSlate: Took 0.000229 seconds to synchronously load lazily loaded font '../../../Engine/Content/Slate/Fonts/Roboto-Light.ttf' (167K)
[2019.04.01-18.31.00:148][132]LogSlate: FSceneViewport::OnFocusLost() reason 2
[2019.04.01-18.31.00:636][132]LogSlate: FSceneViewport::OnFocusLost() reason 2
[2019.04.01-18.31.02:775][132]LogSlate: Window 'Message' being destroyed
[2019.04.01-18.31.02:962][132]LogEditorActor: Deleted Actor: CineCameraActor
[2019.04.01-18.31.03:217][132]LogEditorActor: Deleted 1 Actors (3.270 secs)
[2019.04.01-18.32.04:375][ 30]LogEditorViewport: Clicking on Actor (LMB): StaticMeshActor (Super_camputer__5_2)
[2019.04.01-18.32.05:697][ 86]Cmd: EDIT COPY
[2019.04.01-18.32.05:937][103]Cmd: EDIT PASTE
[2019.04.01-18.32.39:803][708]LogSlate: FSceneViewport::OnFocusLost() reason 0
[2019.04.01-18.32.39:863][715]LogTemp: Repeating last play command: Selected Viewport
[2019.04.01-18.32.39:986][715]LogBlueprintUserMessages: Early PlayInEditor Detection: Level '/Game/FirstPersonBP/Maps/FirstPersonExampleMap.FirstPersonExampleMap:PersistentLevel' has LevelScriptBlueprint '/Game/FirstPersonBP/Maps/FirstPersonExampleMap.FirstPersonExampleMap:PersistentLevel.FirstPersonExampleMap' with GeneratedClass '/Game/FirstPersonBP/Maps/FirstPersonExampleMap.FirstPersonExampleMap_C' with ClassGeneratedBy '/Game/FirstPersonBP/Maps/FirstPersonExampleMap.FirstPersonExampleMap:PersistentLevel.FirstPersonExampleMap'
[2019.04.01-18.32.40:009][715]LogPlayLevel: PlayLevel: No blueprints needed recompiling
[2019.04.01-18.32.40:229][715]PIE: New page: PIE session: FirstPersonExampleMap (Apr 1, 2019, 8:32:40 AM)
[2019.04.01-18.32.40:230][715]LogPlayLevel: Creating play world package: /Game/FirstPersonBP/Maps/UEDPIE_0_FirstPersonExampleMap
[2019.04.01-18.32.40:363][715]LogPlayLevel: PIE: StaticDuplicateObject took: (0.132959s)
[2019.04.01-18.32.40:364][715]LogAIModule: Creating AISystem for world FirstPersonExampleMap
[2019.04.01-18.32.40:376][715]LogPlayLevel: PIE: World Init took: (0.012866s)
[2019.04.01-18.32.40:376][715]LogPlayLevel: PIE: Created PIE world by copying editor world from /Game/FirstPersonBP/Maps/FirstPersonExampleMap.FirstPersonExampleMap to /Game/FirstPersonBP/Maps/UEDPIE_0_FirstPersonExampleMap.FirstPersonExampleMap (0.146131s)
[2019.04.01-18.32.40:478][715]LogInit: XAudio2 using 'Speakers (Realtek High Definition Audio)' : 2 channels at 48 kHz using 32 bits per sample (channel mask 0x3)
[2019.04.01-18.32.40:500][715]LogInit: FAudioDevice initialized.
[2019.04.01-18.32.40:557][715]LogLoad: Game class is 'FirstPersonGameMode_C'
[2019.04.01-18.32.40:723][715]LogWorld: Bringing World /Game/FirstPersonBP/Maps/UEDPIE_0_FirstPersonExampleMap.FirstPersonExampleMap up for play (max tick rate 0) at 2019.04.01-13.32.40
[2019.04.01-18.32.40:804][715]LogWorld: Bringing up level for play took: 0.108528
[2019.04.01-18.32.41:022][715]LogContentBrowser: Native class hierarchy updated for 'MovieSceneCapture' in 0.0006 seconds. Added 10 classes and 0 folders.
[2019.04.01-18.32.41:098][715]LogMatinee: Warning: Matinee track 'FOVAngle' was not found as a property on '/Game/FirstPersonBP/Maps/UEDPIE_0_FirstPersonExampleMap.FirstPersonExampleMap:PersistentLevel.FirstPersonCharacter_C_1' (searching with property path 'FOVAngle')
[2019.04.01-18.32.41:099][715]LogMatinee: Warning: Matinee track 'FOVAngle' was not found as a property on '/Game/FirstPersonBP/Maps/UEDPIE_0_FirstPersonExampleMap.FirstPersonExampleMap:PersistentLevel.FirstPersonCharacter_C_1' (searching with property path 'FOVAngle')
[2019.04.01-18.32.41:116][715]PIE: Play in editor start time for /Game/FirstPersonBP/Maps/UEDPIE_0_FirstPersonExampleMap 1.837
[2019.04.01-18.32.41:116][715]LogBlueprintUserMessages: Late PlayInEditor Detection: Level '/Game/FirstPersonBP/Maps/FirstPersonExampleMap.FirstPersonExampleMap:PersistentLevel' has LevelScriptBlueprint '/Game/FirstPersonBP/Maps/FirstPersonExampleMap.FirstPersonExampleMap:PersistentLevel.FirstPersonExampleMap' with GeneratedClass '/Game/FirstPersonBP/Maps/FirstPersonExampleMap.FirstPersonExampleMap_C' with ClassGeneratedBy '/Game/FirstPersonBP/Maps/FirstPersonExampleMap.FirstPersonExampleMap:PersistentLevel.FirstPersonExampleMap'
[2019.04.01-18.33.08:080][811]LogBlueprintUserMessages: Early EndPlayMap Detection: Level '/Game/FirstPersonBP/Maps/FirstPersonExampleMap.FirstPersonExampleMap:PersistentLevel' has LevelScriptBlueprint '/Game/FirstPersonBP/Maps/FirstPersonExampleMap.FirstPersonExampleMap:PersistentLevel.FirstPersonExampleMap' with GeneratedClass '/Game/FirstPersonBP/Maps/FirstPersonExampleMap.FirstPersonExampleMap_C' with ClassGeneratedBy '/Game/FirstPersonBP/Maps/FirstPersonExampleMap.FirstPersonExampleMap:PersistentLevel.FirstPersonExampleMap'
[2019.04.01-18.33.08:417][811]LogSlate: Updating window title bar state: overlay mode, drag disabled, window buttons hidden, title bar hidden
[2019.04.01-18.33.08:461][811]LogPlayLevel: Display: Shutting down PIE online subsystems
[2019.04.01-18.33.08:461][811]LogBlueprintUserMessages: Late EndPlayMap Detection: Level '/Game/FirstPersonBP/Maps/FirstPersonExampleMap.FirstPersonExampleMap:PersistentLevel' has LevelScriptBlueprint '/Game/FirstPersonBP/Maps/FirstPersonExampleMap.FirstPersonExampleMap:PersistentLevel.FirstPersonExampleMap' with GeneratedClass '/Game/FirstPersonBP/Maps/FirstPersonExampleMap.FirstPersonExampleMap_C' with ClassGeneratedBy '/Game/FirstPersonBP/Maps/FirstPersonExampleMap.FirstPersonExampleMap:PersistentLevel.FirstPersonExampleMap'
[2019.04.01-18.33.08:576][811]LogSlate: Updating window title bar state: overlay mode, drag disabled, window buttons hidden, title bar hidden
[2019.04.01-18.33.08:626][812]LogPlayLevel: Display: Destroying online subsystem :Context_3
[2019.04.01-18.33.11:111][ 68]LogEditorViewport: Clicking on Actor (LMB): CameraActor (CameraActor2)
[2019.04.01-18.33.18:150][476]LogSlate: FSceneViewport::OnFocusLost() reason 0
[2019.04.01-18.33.19:691][484]LogSlate: Window 'Save Content' being destroyed
[2019.04.01-18.33.22:064][484]LogSavePackage: Moving '../../../../../Unreal Projects/MyProject4/Saved/FirstPersonExampleMap714E09334D3A8548907CB39C14A77D7F.tmp' to '../../../../../Unreal Projects/MyProject4/Content/FirstPersonBP/Maps/FirstPersonExampleMap.umap'
[2019.04.01-18.33.22:065][484]LogFileManager: Warning: DeleteFile was unable to delete '../../../../../Unreal Projects/MyProject4/Content/FirstPersonBP/Maps/FirstPersonExampleMap.umap', retrying in .5s...
[2019.04.01-18.33.22:565][484]LogFileManager: Error: Error deleting file '../../../../../Unreal Projects/MyProject4/Content/FirstPersonBP/Maps/FirstPersonExampleMap.umap'.
[2019.04.01-18.33.22:565][484]LogSavePackage: Error: Error saving '../../../../../Unreal Projects/MyProject4/Content/FirstPersonBP/Maps/FirstPersonExampleMap.umap'
[2019.04.01-18.33.22:788][484]EditorErrors: New page: Save Output
[2019.04.01-18.33.22:788][484]EditorErrors: Warning: Error saving '../../../../../Unreal Projects/MyProject4/Content/FirstPersonBP/Maps/FirstPersonExampleMap.umap'
[2019.04.01-18.33.22:881][484]LogFileHelpers: Saving map 'FirstPersonExampleMap' took 3.037
[2019.04.01-18.33.29:593][484]LogSlate: Window 'Message' being destroyed
[2019.04.01-18.33.30:407][484]LogSavePackage: Moving '../../../../../Unreal Projects/MyProject4/Saved/FirstPersonExampleMap8192E3D14F994684DD6377B9D9D7B944.tmp' to '../../../../../Unreal Projects/MyProject4/Content/FirstPersonBP/Maps/FirstPersonExampleMap.umap'
[2019.04.01-18.33.30:408][484]LogFileManager: Warning: DeleteFile was unable to delete '../../../../../Unreal Projects/MyProject4/Content/FirstPersonBP/Maps/FirstPersonExampleMap.umap', retrying in .5s...
[2019.04.01-18.33.30:909][484]LogFileManager: Error: Error deleting file '../../../../../Unreal Projects/MyProject4/Content/FirstPersonBP/Maps/FirstPersonExampleMap.umap'.
[2019.04.01-18.33.30:909][484]LogSavePackage: Error: Error saving '../../../../../Unreal Projects/MyProject4/Content/FirstPersonBP/Maps/FirstPersonExampleMap.umap'
[2019.04.01-18.33.30:919][484]EditorErrors: New page: Save Output
[2019.04.01-18.33.30:919][484]EditorErrors: Warning: Error saving '../../../../../Unreal Projects/MyProject4/Content/FirstPersonBP/Maps/FirstPersonExampleMap.umap'
[2019.04.01-18.33.30:925][484]LogFileHelpers: Saving map 'FirstPersonExampleMap' took 1.327
[2019.04.01-18.33.33:876][484]LogSlate: Window 'Message' being destroyed
[2019.04.01-18.33.35:344][570]LogSlate: Window 'Message Log' being destroyed
[2019.04.01-18.33.35:350][570]LogSlate: Window 'Message Log' being destroyed
[2019.04.01-18.33.36:624][641]LogSlate: Window 'MyProject4 - Unreal Editor' being destroyed
[2019.04.01-18.33.36:625][641]LogWindowsTextInputMethodSystem: Display: IME system now deactivated.
[2019.04.01-18.33.37:370][642]Cmd: QUIT_EDITOR
[2019.04.01-18.33.38:399][642]LogExit: Preparing to exit.
[2019.04.01-18.33.40:052][642]LogExit: Editor shut down
[2019.04.01-18.33.40:052][642]LogExit: Transaction tracking system shut down
[2019.04.01-18.33.42:916][642]LogExit: Object subsystem successfully closed.
[2019.04.01-18.33.43:131][642]LogShaderCompilers: Display: Shaders left to compile 0
[2019.04.01-18.33.43:168][642]LogD3D11RHI: Shutdown
[2019.04.01-18.33.43:168][642]LogD3D11RHI: CleanupD3DDevice
[2019.04.01-18.33.43:238][642]LogD3D11RHI: ~FD3D11DynamicRHI
[2019.04.01-18.33.44:441][642]LogModuleManager: Shutting down and abandoning module MovieSceneCapture (614)
[2019.04.01-18.33.44:441][642]LogModuleManager: Shutting down and abandoning module Voice (612)
[2019.04.01-18.33.44:459][642]LogModuleManager: Shutting down and abandoning module HierarchicalLODOutliner (610)
[2019.04.01-18.33.44:459][642]LogModuleManager: Shutting down and abandoning module SceneOutliner (608)
[2019.04.01-18.33.44:459][642]LogModuleManager: Shutting down and abandoning module AddContentDialog (606)
[2019.04.01-18.33.44:477][642]LogModuleManager: Shutting down and abandoning module WidgetCarousel (605)
[2019.04.01-18.33.44:477][642]LogModuleManager: Shutting down and abandoning module EditorWidgets (602)
[2019.04.01-18.33.44:477][642]LogModuleManager: Shutting down and abandoning module CollectionManager (600)
[2019.04.01-18.33.44:497][642]LogModuleManager: Shutting down and abandoning module StatsViewer (598)
[2019.04.01-18.33.44:516][642]LogModuleManager: Shutting down and abandoning module FoliageEdit (596)
[2019.04.01-18.33.44:518][642]LogModuleManager: Shutting down and abandoning module LandscapeEditor (594)
[2019.04.01-18.33.44:537][642]LogModuleManager: Shutting down and abandoning module MeshPaintMode (592)
[2019.04.01-18.33.44:538][642]LogModuleManager: Shutting down and abandoning module SceneDepthPickerMode (590)
[2019.04.01-18.33.44:538][642]LogModuleManager: Shutting down and abandoning module ActorPickerMode (588)
[2019.04.01-18.33.44:538][642]LogModuleManager: Shutting down and abandoning module GeometryMode (586)
[2019.04.01-18.33.44:538][642]LogModuleManager: Shutting down and abandoning module TextureAlignMode (584)
[2019.04.01-18.33.44:538][642]LogModuleManager: Shutting down and abandoning module BspMode (582)
[2019.04.01-18.33.44:538][642]LogModuleManager: Shutting down and abandoning module PIEPreviewDeviceProfileSelector (580)
[2019.04.01-18.33.44:538][642]LogModuleManager: Shutting down and abandoning module SequenceRecorderSections (578)
[2019.04.01-18.33.44:547][642]LogModuleManager: Shutting down and abandoning module AutomationWorker (576)
[2019.04.01-18.33.44:547][642]LogModuleManager: Shutting down and abandoning module AudioCaptureEditor (574)
[2019.04.01-18.33.44:547][642]LogModuleManager: Shutting down and abandoning module SequenceRecorder (573)
[2019.04.01-18.33.44:548][642]LogModuleManager: Shutting down and abandoning module MatineeToLevelSequence (570)
[2019.04.01-18.33.44:572][642]LogModuleManager: Shutting down and abandoning module LevelSequenceEditor (568)
[2019.04.01-18.33.44:653][642]LogModuleManager: Shutting down and abandoning module PlacementMode (567)
[2019.04.01-18.33.44:653][642]LogModuleManager: Shutting down and abandoning module MaterialEditor (566)
[2019.04.01-18.33.44:693][642]LogModuleManager: Shutting down and abandoning module WmfMediaFactory (562)
[2019.04.01-18.33.44:693][642]LogModuleManager: Shutting down and abandoning module WmfMediaEditor (560)
[2019.04.01-18.33.44:693][642]LogModuleManager: Shutting down and abandoning module MediaPlayerEditor (558)
[2019.04.01-18.33.44:716][642]LogModuleManager: Shutting down and abandoning module OpenExrWrapper (556)
[2019.04.01-18.33.44:716][642]LogModuleManager: Shutting down and abandoning module ImgMediaFactory (554)
[2019.04.01-18.33.44:716][642]LogModuleManager: Shutting down and abandoning module ImgMediaEditor (552)
[2019.04.01-18.33.44:716][642]LogModuleManager: Shutting down and abandoning module AvfMediaFactory (550)
[2019.04.01-18.33.44:716][642]LogModuleManager: Shutting down and abandoning module AvfMediaEditor (548)
[2019.04.01-18.33.44:716][642]LogModuleManager: Shutting down and abandoning module AndroidMediaFactory (546)
[2019.04.01-18.33.44:716][642]LogModuleManager: Shutting down and abandoning module AndroidMediaEditor (544)
[2019.04.01-18.33.44:716][642]LogModuleManager: Shutting down and abandoning module MagicLeapCameraPreviewFactory (542)
[2019.04.01-18.33.44:716][642]LogModuleManager: Shutting down and abandoning module MagicLeapMediaFactory (540)
[2019.04.01-18.33.44:716][642]LogModuleManager: Shutting down and abandoning module MagicLeapMediaEditor (538)
[2019.04.01-18.33.44:716][642]LogModuleManager: Shutting down and abandoning module CharacterAI (536)
[2019.04.01-18.33.44:716][642]LogModuleManager: Shutting down and abandoning module SmartSnapping (534)
[2019.04.01-18.33.44:716][642]LogModuleManager: Shutting down and abandoning module SessionServices (532)
[2019.04.01-18.33.44:716][642]LogModuleManager: Shutting down and abandoning module ViewportSnapping (530)
[2019.04.01-18.33.44:716][642]LogModuleManager: Shutting down and abandoning module ViewportInteraction (528)
[2019.04.01-18.33.44:716][642]LogModuleManager: Shutting down and abandoning module ClothPainter (526)
[2019.04.01-18.33.44:776][642]LogModuleManager: Shutting down and abandoning module SkeletalMeshEditor (525)
[2019.04.01-18.33.44:824][642]LogModuleManager: Shutting down and abandoning module LogVisualizer (522)
[2019.04.01-18.33.44:827][642]LogModuleManager: Shutting down and abandoning module IntroTutorials (520)
[2019.04.01-18.33.44:868][642]LogModuleManager: Shutting down and abandoning module GameProjectGeneration (519)
[2019.04.01-18.33.44:885][642]LogModuleManager: Shutting down and abandoning module LuminPlatformEditor (516)
[2019.04.01-18.33.44:885][642]LogModuleManager: Shutting down and abandoning module IOSPlatformEditor (514)
[2019.04.01-18.33.44:900][642]LogModuleManager: Shutting down and abandoning module HTML5PlatformEditor (512)
[2019.04.01-18.33.44:900][642]LogModuleManager: Shutting down and abandoning module AndroidPlatformEditor (510)
[2019.04.01-18.33.44:900][642]LogModuleManager: Shutting down and abandoning module AndroidDeviceDetection (509)
[2019.04.01-18.33.45:892][642]LogModuleManager: Shutting down and abandoning module WindowsPlatformEditor (506)
[2019.04.01-18.33.45:892][642]LogModuleManager: Shutting down and abandoning module LuminRuntimeSettings (504)
[2019.04.01-18.33.45:892][642]LogModuleManager: Shutting down and abandoning module IOSRuntimeSettings (502)
[2019.04.01-18.33.45:892][642]LogModuleManager: Shutting down and abandoning module AndroidRuntimeSettings (500)
[2019.04.01-18.33.45:892][642]LogModuleManager: Shutting down and abandoning module InputBindingEditor (498)
[2019.04.01-18.33.45:892][642]LogModuleManager: Shutting down and abandoning module MergeActors (496)
[2019.04.01-18.33.45:892][642]LogModuleManager: Shutting down and abandoning module LocalizationDashboard (494)
[2019.04.01-18.33.45:892][642]LogModuleManager: Shutting down and abandoning module LocalizationService (493)
[2019.04.01-18.33.45:892][642]LogModuleManager: Shutting down and abandoning module HardwareTargeting (490)
[2019.04.01-18.33.45:892][642]LogModuleManager: Shutting down and abandoning module DeviceProfileEditor (488)
[2019.04.01-18.33.45:892][642]LogModuleManager: Shutting down and abandoning module UndoHistory (486)
[2019.04.01-18.33.45:892][642]LogModuleManager: Shutting down and abandoning module XmlParser (484)
[2019.04.01-18.33.45:892][642]LogModuleManager: Shutting down and abandoning module Blutility (482)
[2019.04.01-18.33.45:892][642]LogModuleManager: Shutting down and abandoning module ProjectSettingsViewer (480)
[2019.04.01-18.33.45:892][642]LogModuleManager: Shutting down and abandoning module ProjectTargetPlatformEditor (479)
[2019.04.01-18.33.45:892][642]LogModuleManager: Shutting down and abandoning module EditorSettingsViewer (476)
[2019.04.01-18.33.45:893][642]LogModuleManager: Shutting down and abandoning module SettingsEditor (474)
[2019.04.01-18.33.45:893][642]LogModuleManager: Shutting down and abandoning module ProjectLauncher (472)
[2019.04.01-18.33.45:893][642]LogModuleManager: Shutting down and abandoning module SessionFrontend (470)
[2019.04.01-18.33.45:893][642]LogModuleManager: Shutting down and abandoning module ProfilerClient (468)
[2019.04.01-18.33.45:893][642]LogModuleManager: Shutting down and abandoning module DeviceManager (466)
[2019.04.01-18.33.45:893][642]LogModuleManager: Shutting down and abandoning module TargetDeviceServices (465)
[2019.04.01-18.33.45:947][642]LogModuleManager: Shutting down and abandoning module AutomationController (462)
[2019.04.01-18.33.45:947][642]LogModuleManager: Shutting down and abandoning module AutomationWindow (460)
[2019.04.01-18.33.45:947][642]LogModuleManager: Shutting down and abandoning module Layers (458)
[2019.04.01-18.33.45:947][642]LogModuleManager: Shutting down and abandoning module ComponentVisualizers (456)
[2019.04.01-18.33.45:947][642]LogModuleManager: Shutting down and abandoning module DetailCustomizations (454)
[2019.04.01-18.33.45:947][642]LogModuleManager: Shutting down and abandoning module PackagesDialog (452)
[2019.04.01-18.33.45:947][642]LogModuleManager: Shutting down and abandoning module Persona (450)
[2019.04.01-18.33.45:947][642]LogModuleManager: Shutting down and abandoning module AdvancedPreviewScene (449)
[2019.04.01-18.33.45:947][642]LogModuleManager: Shutting down and abandoning module AnimGraph (447)
[2019.04.01-18.33.45:947][642]LogModuleManager: Shutting down and abandoning module Kismet (444)
[2019.04.01-18.33.45:948][642]LogModuleManager: Shutting down and abandoning module GraphEditor (442)
[2019.04.01-18.33.45:948][642]LogModuleManager: Shutting down and abandoning module ClassViewer (440)
[2019.04.01-18.33.45:948][642]LogModuleManager: Shutting down and abandoning module Toolbox (438)
[2019.04.01-18.33.45:948][642]LogModuleManager: Shutting down and abandoning module ModuleUI (436)
[2019.04.01-18.33.46:052][642]LogModuleManager: Shutting down and abandoning module MovieSceneTools (434)
[2019.04.01-18.33.46:066][642]LogModuleManager: Shutting down and abandoning module OutputLog (432)
[2019.04.01-18.33.46:066][642]LogModuleManager: Shutting down and abandoning module GammaUI (430)
[2019.04.01-18.33.46:084][642]LogModuleManager: Shutting down and abandoning module Documentation (428)
[2019.04.01-18.33.46:084][642]LogModuleManager: Shutting down and abandoning module MovieSceneTracks (426)
[2019.04.01-18.33.46:084][642]LogModuleManager: Shutting down and abandoning module MovieScene (424)
[2019.04.01-18.33.46:100][642]LogModuleManager: Shutting down and abandoning module StreamingPauseRendering (422)
[2019.04.01-18.33.46:105][642]LogModuleManager: Shutting down and abandoning module LauncherPlatform (420)
[2019.04.01-18.33.46:105][642]LogModuleManager: Shutting down and abandoning module AnalyticsET (418)
[2019.04.01-18.33.46:105][642]LogModuleManager: Shutting down and abandoning module PortalServices (416)
[2019.04.01-18.33.46:105][642]LogModuleManager: Shutting down and abandoning module PortalRpc (414)
[2019.04.01-18.33.46:105][642]LogModuleManager: Shutting down and abandoning module MessagingRpc (412)
[2019.04.01-18.33.46:105][642]LogModuleManager: Shutting down and abandoning module AIModule (410)
[2019.04.01-18.33.46:109][642]LogModuleManager: Shutting down and abandoning module GameplayDebugger (409)
[2019.04.01-18.33.46:131][642]LogModuleManager: Shutting down and abandoning module AITestSuite (407)
[2019.04.01-18.33.46:136][642]LogModuleManager: Shutting down and abandoning module NavigationSystem (405)
[2019.04.01-18.33.46:136][642]LogModuleManager: Shutting down and abandoning module DesktopPlatform (402)
[2019.04.01-18.33.46:136][642]LogModuleManager: Shutting down and abandoning module ProfilerService (400)
[2019.04.01-18.33.46:374][642]LogModuleManager: Shutting down and abandoning module TaskGraph (398)
[2019.04.01-18.33.46:374][642]LogModuleManager: Shutting down and abandoning module SteamVRController (396)
[2019.04.01-18.33.46:374][642]LogModuleManager: Shutting down and abandoning module ProceduralMeshComponentEditor (394)
[2019.04.01-18.33.46:374][642]LogModuleManager: Shutting down and abandoning module ProceduralMeshComponent (392)
[2019.04.01-18.33.46:374][642]LogModuleManager: Shutting down and abandoning module OculusInput (390)
[2019.04.01-18.33.46:374][642]LogModuleManager: Shutting down and abandoning module MobilePatchingUtils (388)
[2019.04.01-18.33.46:374][642]LogModuleManager: Shutting down and abandoning module EditableMesh (386)
[2019.04.01-18.33.46:374][642]LogModuleManager: Shutting down and abandoning module CustomMeshComponent (384)
[2019.04.01-18.33.46:374][642]LogModuleManager: Shutting down and abandoning module CableComponent (382)
[2019.04.01-18.33.46:374][642]LogModuleManager: Shutting down and abandoning module AudioCapture (380)
[2019.04.01-18.33.46:374][642]LogModuleManager: Shutting down and abandoning module ArchVisCharacter (378)
[2019.04.01-18.33.46:374][642]LogModuleManager: Shutting down and abandoning module AndroidPermission (376)
[2019.04.01-18.33.46:374][642]LogModuleManager: Shutting down and abandoning module NUTUnrealEngine4 (374)
[2019.04.01-18.33.46:374][642]LogModuleManager: Shutting down and abandoning module NetcodeUnitTest (372)
[2019.04.01-18.33.46:415][642]LogModuleManager: Shutting down and abandoning module MediaCompositingEditor (370)
[2019.04.01-18.33.46:415][642]LogModuleManager: Shutting down and abandoning module MediaCompositing (368)
[2019.04.01-18.33.46:415][642]LogModuleManager: Shutting down and abandoning module LinearTimecode (366)
[2019.04.01-18.33.46:415][642]LogModuleManager: Shutting down and abandoning module ImgMedia (364)
[2019.04.01-18.33.46:436][642]LogModuleManager: Shutting down and abandoning module HTML5Networking (362)
[2019.04.01-18.33.46:436][642]LogModuleManager: Shutting down and abandoning module GeometryCacheTracks (360)
[2019.04.01-18.33.46:436][642]LogModuleManager: Shutting down and abandoning module GeometryCacheSequencer (358)
[2019.04.01-18.33.46:436][642]LogModuleManager: Shutting down and abandoning module BackChannel (356)
[2019.04.01-18.33.46:469][642]LogModuleManager: Shutting down and abandoning module AppleVision (354)
[2019.04.01-18.33.46:469][642]LogModuleManager: Shutting down and abandoning module AppleImageUtils (352)
[2019.04.01-18.33.46:469][642]LogModuleManager: Shutting down and abandoning module AlembicImporter (350)
[2019.04.01-18.33.46:469][642]LogModuleManager: Shutting down and abandoning module AlembicLibrary (349)
[2019.04.01-18.33.46:469][642]LogModuleManager: Shutting down and abandoning module GeometryCache (348)
[2019.04.01-18.33.46:469][642]LogModuleManager: Shutting down and abandoning module GeometryCacheEd (347)
[2019.04.01-18.33.46:469][642]LogModuleManager: Shutting down and abandoning module DatasmithContentEditor (342)
[2019.04.01-18.33.46:486][642]LogModuleManager: Shutting down and abandoning module DatasmithContent (340)
[2019.04.01-18.33.46:486][642]LogModuleManager: Shutting down and abandoning module SpeedTreeImporter (338)
[2019.04.01-18.33.46:487][642]LogModuleManager: Shutting down and abandoning module PluginBrowser (336)
[2019.04.01-18.33.46:549][642]LogModuleManager: Shutting down and abandoning module MobileLauncherProfileWizard (334)
[2019.04.01-18.33.46:571][642]LogModuleManager: Shutting down and abandoning module PolygonModeling (332)
[2019.04.01-18.33.46:571][642]LogModuleManager: Shutting down and abandoning module MeshEditor (330)
[2019.04.01-18.33.46:586][642]LogModuleManager: Shutting down and abandoning module CryptoKeysOpenSSL (328)
[2019.04.01-18.33.46:598][642]LogModuleManager: Shutting down and abandoning module CryptoKeys (326)
[2019.04.01-18.33.46:598][642]LogModuleManager: Shutting down and abandoning module VisualStudioSourceCodeAccess (324)
[2019.04.01-18.33.46:598][642]LogModuleManager: Shutting down and abandoning module VisualStudioCodeSourceCodeAccess (322)
[2019.04.01-18.33.46:598][642]LogModuleManager: Shutting down and abandoning module UObjectPlugin (320)
[2019.04.01-18.33.46:598][642]LogModuleManager: Shutting down and abandoning module SubversionSourceControl (318)
[2019.04.01-18.33.46:617][642]LogModuleManager: Shutting down and abandoning module PerforceSourceControl (316)
[2019.04.01-18.33.46:653][642]LogModuleManager: Shutting down and abandoning module GitSourceControl (314)
[2019.04.01-18.33.46:673][642]LogModuleManager: Shutting down and abandoning module SourceControl (313)
[2019.04.01-18.33.46:686][642]LogModuleManager: Shutting down and abandoning module CLionSourceCodeAccess (310)
[2019.04.01-18.33.46:686][642]LogModuleManager: Shutting down and abandoning module LightPropagationVolumeEditor (308)
[2019.04.01-18.33.46:686][642]LogModuleManager: Shutting down and abandoning module PaperTiledImporter (306)
[2019.04.01-18.33.46:686][642]LogModuleManager: Shutting down and abandoning module PaperSpriteSheetImporter (304)
[2019.04.01-18.33.46:686][642]LogModuleManager: Shutting down and abandoning module Paper2DEditor (302)
[2019.04.01-18.33.46:744][642]LogModuleManager: Shutting down and abandoning module MeshPaint (301)
[2019.04.01-18.33.46:745][642]LogModuleManager: Shutting down and abandoning module RuntimePhysXCooking (298)
[2019.04.01-18.33.46:745][642]LogModuleManager: Shutting down and abandoning module PhysXVehiclesEditor (296)
[2019.04.01-18.33.46:745][642]LogModuleManager: Shutting down and abandoning module PhysXVehicles (294)
[2019.04.01-18.33.46:745][642]LogModuleManager: Shutting down and abandoning module OculusEditor (292)
[2019.04.01-18.33.46:762][642]LogModuleManager: Shutting down and abandoning module LocationServicesBPLibrary (290)
[2019.04.01-18.33.46:762][642]LogModuleManager: Shutting down and abandoning module ImmediatePhysicsEditor (288)
[2019.04.01-18.33.46:762][642]LogModuleManager: Shutting down and abandoning module ImmediatePhysics (286)
[2019.04.01-18.33.46:769][642]LogModuleManager: Shutting down and abandoning module ActorSequence (284)
[2019.04.01-18.33.46:769][642]LogModuleManager: Shutting down and abandoning module UdpMessaging (282)
[2019.04.01-18.33.46:870][642]LogModuleManager: Shutting down and abandoning module TcpMessaging (280)
[2019.04.01-18.33.46:995][642]LogModuleManager: Shutting down and abandoning module MagicLeapAudio (278)
[2019.04.01-18.33.46:995][642]LogModuleManager: Shutting down and abandoning module GameplayTagsEditor (276)
[2019.04.01-18.33.47:010][642]LogModuleManager: Shutting down and abandoning module FacialAnimationEditor (274)
[2019.04.01-18.33.47:010][642]LogModuleManager: Shutting down and abandoning module FacialAnimation (272)
[2019.04.01-18.33.47:010][642]LogModuleManager: Shutting down and abandoning module DataValidation (270)
[2019.04.01-18.33.47:010][642]LogModuleManager: Shutting down and abandoning module AssetManagerEditor (268)
[2019.04.01-18.33.47:068][642]LogModuleManager: Shutting down and abandoning module LevelEditor (267)
[2019.04.01-18.33.47:084][642]LogModuleManager: Shutting down and abandoning module PixelInspectorModule (266)
[2019.04.01-18.33.47:102][642]LogModuleManager: Shutting down and abandoning module CommonMenuExtensions (264)
[2019.04.01-18.33.47:102][642]LogModuleManager: Shutting down and abandoning module MainFrame (262)
[2019.04.01-18.33.47:117][642]LogModuleManager: Shutting down and abandoning module HotReload (261)
[2019.04.01-18.33.47:156][642]LogModuleManager: Shutting down and abandoning module ContentBrowser (257)
[2019.04.01-18.33.47:157][642]LogModuleManager: Shutting down and abandoning module TreeMap (255)
[2019.04.01-18.33.47:158][642]LogModuleManager: Shutting down and abandoning module LightPropagationVolumeRuntime (252)
[2019.04.01-18.33.47:158][642]LogModuleManager: Shutting down and abandoning module AISupportModule (250)
[2019.04.01-18.33.47:158][642]LogModuleManager: Shutting down and abandoning module Paper2D (248)
[2019.04.01-18.33.47:159][642]LogModuleManager: Shutting down and abandoning module WindowsMoviePlayer (246)
[2019.04.01-18.33.47:166][642]LogModuleManager: Shutting down and abandoning module WmfMedia (244)
[2019.04.01-18.33.47:185][642]LogModuleManager: Shutting down and abandoning module Media (243)
[2019.04.01-18.33.47:190][642]LogModuleManager: Shutting down and abandoning module PacketHandler (240)
[2019.04.01-18.33.47:190][642]LogModuleManager: Shutting down and abandoning module ClothingSystemEditor (238)
[2019.04.01-18.33.47:190][642]LogModuleManager: Shutting down and abandoning module ClothingSystemRuntime (236)
[2019.04.01-18.33.47:211][642]LogModuleManager: Shutting down and abandoning module MediaAssets (234)
[2019.04.01-18.33.47:211][642]LogModuleManager: Shutting down and abandoning module Overlay (232)
[2019.04.01-18.33.47:211][642]LogModuleManager: Shutting down and abandoning module OverlayEditor (231)
[2019.04.01-18.33.47:211][642]LogModuleManager: Shutting down and abandoning module VREditor (228)
[2019.04.01-18.33.47:212][642]LogModuleManager: Shutting down and abandoning module StringTableEditor (226)
[2019.04.01-18.33.47:214][642]LogModuleManager: Shutting down and abandoning module GameplayTasksEditor (224)
[2019.04.01-18.33.47:214][642]LogModuleManager: Shutting down and abandoning module BehaviorTreeEditor (222)
[2019.04.01-18.33.47:278][642]LogModuleManager: Shutting down and abandoning module FunctionalTesting (220)
[2019.04.01-18.33.47:279][642]LogModuleManager: Shutting down and abandoning module CollisionAnalyzer (218)
[2019.04.01-18.33.47:290][642]LogModuleManager: Shutting down and abandoning module WorkspaceMenuStructure (217)
[2019.04.01-18.33.47:290][642]LogModuleManager: Shutting down and abandoning module UMG (214)
[2019.04.01-18.33.47:304][642]LogModuleManager: Shutting down and abandoning module UMGEditor (213)
[2019.04.01-18.33.47:343][642]LogModuleManager: Shutting down and abandoning module Sequencer (212)
[2019.04.01-18.33.47:388][642]LogModuleManager: Shutting down and abandoning module MessageLog (209)
[2019.04.01-18.33.47:388][642]LogModuleManager: Shutting down and abandoning module SlateReflector (204)
[2019.04.01-18.33.47:427][642]LogModuleManager: Shutting down and abandoning module Slate (202)
[2019.04.01-18.33.47:427][642]LogModuleManager: Shutting down and abandoning module EditorStyle (200)
[2019.04.01-18.33.47:443][642]LogModuleManager: Shutting down and abandoning module MRMesh (198)
[2019.04.01-18.33.47:457][642]LogModuleManager: Shutting down and abandoning module SourceCodeAccess (196)
[2019.04.01-18.33.47:457][642]LogModuleManager: Shutting down and abandoning module HeadMountedDisplay (194)
[2019.04.01-18.33.47:457][642]LogModuleManager: Shutting down and abandoning module XAudio2 (192)
[2019.04.01-18.33.47:457][642]LogModuleManager: Shutting down and abandoning module Networking (190)
[2019.04.01-18.33.47:457][642]LogModuleManager: Shutting down and abandoning module Core (188)
[2019.04.01-18.33.47:457][642]LogModuleManager: Shutting down and abandoning module LevelSequence (186)
[2019.04.01-18.33.47:457][642]LogModuleManager: Shutting down and abandoning module KismetCompiler (184)
[2019.04.01-18.33.47:457][642]LogModuleManager: Shutting down and abandoning module MeshUtilities (182)
[2019.04.01-18.33.47:472][642]LogModuleManager: Shutting down and abandoning module MeshMergeUtilities (181)
[2019.04.01-18.33.47:491][642]LogModuleManager: Shutting down and abandoning module MeshReductionInterface (180)
[2019.04.01-18.33.47:491][642]LogModuleManager: Shutting down and abandoning module SimplygonSwarm (179)
[2019.04.01-18.33.47:499][642]LogModuleManager: Shutting down and abandoning module ProxyLODMeshReduction (177)
[2019.04.01-18.33.47:537][642]LogModuleManager: Shutting down and abandoning module SimplygonMeshReduction (175)
[2019.04.01-18.33.47:537][642]LogModuleManager: Shutting down and abandoning module QuadricMeshReduction (173)
[2019.04.01-18.33.47:552][642]LogModuleManager: Shutting down and abandoning module MaterialBaking (169)
[2019.04.01-18.33.47:566][642]LogModuleManager: Shutting down and abandoning module DirectoryWatcher (165)
[2019.04.01-18.33.47:568][642]LogModuleManager: Shutting down and abandoning module DerivedDataCache (162)
[2019.04.01-18.33.47:574][642]LogDerivedDataCache: Shutdown
[2019.04.01-18.33.47:574][642]LogModuleManager: Shutting down and abandoning module XGEController (160)
[2019.04.01-18.33.47:592][642]LogModuleManager: Shutting down and abandoning module TargetPlatform (158)
[2019.04.01-18.33.47:592][642]LogModuleManager: Shutting down and abandoning module VulkanShaderFormat (157)
[2019.04.01-18.33.47:612][642]LogModuleManager: Shutting down and abandoning module ShaderFormatVectorVM (155)
[2019.04.01-18.33.47:632][642]LogModuleManager: Shutting down and abandoning module ShaderFormatOpenGL (153)
[2019.04.01-18.33.47:634][642]LogModuleManager: Shutting down and abandoning module ShaderFormatD3D (151)
[2019.04.01-18.33.47:634][642]LogModuleManager: Shutting down and abandoning module MetalShaderFormat (149)
[2019.04.01-18.33.47:647][642]LogModuleManager: Shutting down and abandoning module TextureFormatUncompressed (147)
[2019.04.01-18.33.47:647][642]LogModuleManager: Shutting down and abandoning module TextureFormatPVR (145)
[2019.04.01-18.33.47:647][642]LogModuleManager: Shutting down and abandoning module TextureFormatDXT (143)
[2019.04.01-18.33.47:663][642]LogModuleManager: Shutting down and abandoning module TextureFormatIntelISPCTexComp (141)
[2019.04.01-18.33.47:664][642]LogModuleManager: Shutting down and abandoning module TextureFormatASTC (139)
[2019.04.01-18.33.47:664][642]LogModuleManager: Shutting down and abandoning module ImageWrapper (138)
[2019.04.01-18.33.47:664][642]LogModuleManager: Shutting down and abandoning module TextureFormatAndroid (135)
[2019.04.01-18.33.47:664][642]LogModuleManager: Shutting down and abandoning module AudioFormatOpus (133)
[2019.04.01-18.33.47:664][642]LogModuleManager: Shutting down and abandoning module AudioFormatOgg (131)
[2019.04.01-18.33.47:664][642]LogModuleManager: Shutting down and abandoning module AudioFormatADPCM (129)
[2019.04.01-18.33.47:664][642]LogModuleManager: Shutting down and abandoning module LuminTargetPlatform (127)
[2019.04.01-18.33.47:664][642]LogModuleManager: Shutting down and abandoning module LinuxTargetPlatform (125)
[2019.04.01-18.33.47:664][642]LogModuleManager: Shutting down and abandoning module LinuxServerTargetPlatform (123)
[2019.04.01-18.33.47:664][642]LogModuleManager: Shutting down and abandoning module LinuxNoEditorTargetPlatform (121)
[2019.04.01-18.33.47:699][642]LogModuleManager: Shutting down and abandoning module LinuxClientTargetPlatform (119)
[2019.04.01-18.33.47:709][642]LogModuleManager: Shutting down and abandoning module TVOSTargetPlatform (117)
[2019.04.01-18.33.47:709][642]LogModuleManager: Shutting down and abandoning module Messaging (115)
[2019.04.01-18.33.47:709][642]LogModuleManager: Shutting down and abandoning module IOSTargetPlatform (113)
[2019.04.01-18.33.47:710][642]LogModuleManager: Shutting down and abandoning module HTML5TargetPlatform (111)
[2019.04.01-18.33.47:710][642]LogModuleManager: Shutting down and abandoning module AndroidTargetPlatform (109)
[2019.04.01-18.33.47:724][642]LogModuleManager: Shutting down and abandoning module WindowsTargetPlatform (107)
[2019.04.01-18.33.47:724][642]LogModuleManager: Shutting down and abandoning module WindowsServerTargetPlatform (105)
[2019.04.01-18.33.47:724][642]LogModuleManager: Shutting down and abandoning module WindowsNoEditorTargetPlatform (103)
[2019.04.01-18.33.47:724][642]LogModuleManager: Shutting down and abandoning module WindowsClientTargetPlatform (101)
[2019.04.01-18.33.47:724][642]LogModuleManager: Shutting down and abandoning module MacTargetPlatform (99)
[2019.04.01-18.33.47:724][642]LogModuleManager: Shutting down and abandoning module MacServerTargetPlatform (97)
[2019.04.01-18.33.47:724][642]LogModuleManager: Shutting down and abandoning module MacNoEditorTargetPlatform (95)
[2019.04.01-18.33.47:724][642]LogModuleManager: Shutting down and abandoning module MacClientTargetPlatform (93)
[2019.04.01-18.33.47:724][642]LogModuleManager: Shutting down and abandoning module AllDesktopTargetPlatform (91)
[2019.04.01-18.33.47:724][642]LogModuleManager: Shutting down and abandoning module InputCore (88)
[2019.04.01-18.33.47:724][642]LogModuleManager: Shutting down and abandoning module Settings (86)
[2019.04.01-18.33.47:724][642]LogModuleManager: Shutting down and abandoning module PhysXCooking (84)
[2019.04.01-18.33.47:724][642]LogModuleManager: Shutting down and abandoning module SteamVR (82)
[2019.04.01-18.33.47:725][642]LogModuleManager: Shutting down and abandoning module OculusHMD (80)
[2019.04.01-18.33.47:725][642]LogModuleManager: Shutting down and abandoning module ExampleDeviceProfileSelector (78)
[2019.04.01-18.33.47:725][642]LogModuleManager: Shutting down and abandoning module LauncherChunkInstaller (76)
[2019.04.01-18.33.47:725][642]LogModuleManager: Shutting down and abandoning module OnlineBlueprintSupport (74)
[2019.04.01-18.33.47:725][642]LogModuleManager: Shutting down and abandoning module OnlineSubsystem (70)
[2019.04.01-18.33.47:743][642]LogModuleManager: Shutting down and abandoning module XMPP (65)
[2019.04.01-18.33.47:771][642]LogModuleManager: Shutting down and abandoning module WebSockets (64)
[2019.04.01-18.33.47:897][642]LogModuleManager: Shutting down and abandoning module HTTP (61)
[2019.04.01-18.33.47:904][642]LogHttp: Display: Http module shutting down, but needs to wait on 1 outstanding Http requests:
[2019.04.01-18.33.47:904][642]LogHttp: Display: 	verb=[POST] url=[https://datarouter.ol.epicgames.com/datarouter/api/v1/public/data?SessionID=%7B0B485E46-4F9F-CADA-C449-0AB6CFD5CCDA%7D&AppID=UEEditor.Rocket.Release&AppVersion=4.20.3-4369336%2B%2B%2BUE4%2BRelease-4.20&UserID=8e7e86074740d19aab48599943308414%7C0902899747464a5daa2fc335d959dd60%7C83555802-c460-485c-b7df-3311514d3c07&AppEnvironment=datacollector-binary&UploadType=eteventstream] status=Processing
[2019.04.01-18.33.47:911][642]LogModuleManager: Shutting down and abandoning module SSL (60)
[2019.04.01-18.33.47:929][642]LogModuleManager: Shutting down and abandoning module MagicLeapEmulator (56)
[2019.04.01-18.33.47:929][642]LogModuleManager: Shutting down and abandoning module MagicLeapPrivileges (54)
[2019.04.01-18.33.47:929][642]LogModuleManager: Shutting down and abandoning module MagicLeapIdentity (52)
[2019.04.01-18.33.47:929][642]LogModuleManager: Shutting down and abandoning module MagicLeapHelperVulkan (50)
[2019.04.01-18.33.47:929][642]LogModuleManager: Shutting down and abandoning module MagicLeapHelperOpenGL (48)
[2019.04.01-18.33.47:929][642]LogModuleManager: Shutting down and abandoning module MagicLeapSecureStorage (46)
[2019.04.01-18.33.47:929][642]LogModuleManager: Shutting down and abandoning module MagicLeapGestures (44)
[2019.04.01-18.33.47:929][642]LogModuleManager: Shutting down and abandoning module MagicLeapEyeTracker (42)
[2019.04.01-18.33.47:929][642]LogModuleManager: Shutting down and abandoning module MagicLeapController (40)
[2019.04.01-18.33.47:929][642]LogSlate: Slate User Destroyed.  User Index 0, Is Virtual User: 0
[2019.04.01-18.33.47:929][642]LogModuleManager: Shutting down and abandoning module MagicLeap (38)
[2019.04.01-18.33.47:929][642]LogModuleManager: Shutting down and abandoning module AnimationModifiers (36)
[2019.04.01-18.33.47:979][642]LogModuleManager: Shutting down and abandoning module PropertyEditor (35)
[2019.04.01-18.33.47:979][642]LogModuleManager: Shutting down and abandoning module AudioEditor (32)
[2019.04.01-18.33.48:020][642]LogModuleManager: Shutting down and abandoning module TextureCompressor (30)
[2019.04.01-18.33.48:054][642]LogModuleManager: Shutting down and abandoning module ShaderCore (28)
[2019.04.01-18.33.48:054][642]LogModuleManager: Shutting down and abandoning module Landscape (26)
[2019.04.01-18.33.48:055][642]LogModuleManager: Shutting down and abandoning module SlateRHIRenderer (24)
[2019.04.01-18.33.48:069][642]LogModuleManager: Shutting down and abandoning module OpenGLDrv (22)
[2019.04.01-18.33.48:091][642]LogModuleManager: Shutting down and abandoning module D3D11RHI (20)
[2019.04.01-18.33.48:091][642]LogModuleManager: Shutting down and abandoning module AnimGraphRuntime (18)
[2019.04.01-18.33.48:115][642]LogModuleManager: Shutting down and abandoning module Renderer (16)
[2019.04.01-18.33.48:115][642]LogModuleManager: Shutting down and abandoning module Engine (14)
[2019.04.01-18.33.48:115][642]LogModuleManager: Shutting down and abandoning module CoreUObject (12)
[2019.04.01-18.33.48:115][642]LogModuleManager: Shutting down and abandoning module NetworkFile (10)
[2019.04.01-18.33.48:132][642]LogModuleManager: Shutting down and abandoning module CookedIterativeFile (8)
[2019.04.01-18.33.48:132][642]LogModuleManager: Shutting down and abandoning module StreamingFile (6)
[2019.04.01-18.33.48:148][642]LogModuleManager: Shutting down and abandoning module SandboxFile (4)
[2019.04.01-18.33.48:148][642]LogModuleManager: Shutting down and abandoning module PakFile (2)
[2019.04.01-18.33.48:201][642]LogExit: Exiting.
[2019.04.01-18.33.48:206][642]Log file closed, 04/01/19 13:33:48
